<?xml version="1.0" encoding="UTF-8" standalone="no"?>
<testsuite errors="0" failures="7" name="io.cucumber.core.plugin.JUnitFormatter" skipped="0" tests="7" time="25.79">
    <testcase classname="Use the calculator to multiply and divide." name="8 times 8 is 64" time="4.388">
        <failure message="The scenario has pending or undefined step(s)" type="java.lang.Exception"><![CDATA[Given a new calculator......................................................undefined
When 8 by 8 are multiply....................................................skipped
Then the result should be = 64..............................................skipped
]]></failure>
    </testcase>
    <testcase classname="Use the calculator to multiply and divide." name="30 divided by 6 is 5" time="4.039">
        <failure message="The scenario has pending or undefined step(s)" type="java.lang.Exception"><![CDATA[Given a new calculator......................................................undefined
When 30 is divided by 6.....................................................skipped
Then the result should be = 5...............................................skipped
]]></failure>
    </testcase>
    <testcase classname="Can calculate addition and subtraction correctly?" name="3 add 4 is 7" time="4.025">
        <failure message="The scenario has pending or undefined step(s)" type="java.lang.Exception"><![CDATA[Given a calculator..........................................................undefined
When 3 and 4 are added......................................................skipped
Then the result should be 7.................................................skipped
]]></failure>
    </testcase>
    <testcase classname="Can calculate addition and subtraction correctly?" name="4 subtract 3 is 1" time="4.024">
        <failure message="The scenario has pending or undefined step(s)" type="java.lang.Exception"><![CDATA[Given a calculator..........................................................undefined
When 3 is subtracted from 4.................................................skipped
Then the result should be 1.................................................skipped
]]></failure>
    </testcase>
    <testcase classname="Testing login on a Page" name="Logging in successfully with credentials" time="5.166">
        <failure message="Cannot invoke &quot;com.qa.examples.cucumber_base.pages.LoginPage.enterUsername(String)&quot; because &quot;this.login&quot; is null" type="java.lang.NullPointerException"><![CDATA[Given user is on login page.................................................passed
When user enters <username> and <password>..................................failed
And user clicks login.......................................................skipped
Then user is navigated to the home page.....................................skipped

StackTrace:
java.lang.NullPointerException: Cannot invoke "com.qa.examples.cucumber_base.pages.LoginPage.enterUsername(String)" because "this.login" is null
	at com.qa.examples.cucumber_base.pages.login_definitions.LoginHooks.user_enters_username_and_password(LoginHooks.java:48)
	at âœ½.user enters <username> and <password>(classpath:features/login_with_hooks.feature:6)
]]></failure>
    </testcase>
    <testcase classname="Testing login on a Page" name="" time="0">
        <failure message="The scenario has no steps" type="java.lang.Exception"/>
    </testcase>
    <testcase classname="Navigating and searching a google page" name="Use Chromedriver to make a search on google" time="3.961">
        <failure message="The scenario has pending or undefined step(s)" type="java.lang.Exception"><![CDATA[Given Open Chrome and launch Google.........................................undefined
When typing website name on the search bar..................................skipped
Then display results........................................................skipped
]]></failure>
    </testcase>
</testsuite>
