<?xml version="1.0" encoding="UTF-8" standalone="no"?>
<testsuite errors="0" failures="1" name="io.cucumber.core.plugin.JUnitFormatter" skipped="0" tests="1" time="0.192">
    <testcase classname="Navigating and searching a google page" name="Use Chromedriver to make a search on google" time="0.04">
        <failure message="The scenario has pending or undefined step(s)" type="java.lang.Exception"><![CDATA[Given Open Chrome and launch Google.........................................undefined
When typing website name on the search bar..................................skipped
Then display results........................................................skipped
]]></failure>
    </testcase>
</testsuite>
